\BOOKMARK [0][-]{chapter*.2}{\376\377\000L\001\063\000s\000t\000\040\000v\000a\000n\000\040\000f\000i\000g\000u\000r\000e\000n}{}% 1
\BOOKMARK [0][-]{chapter*.3}{\376\377\000L\001\063\000s\000t\000\040\000v\000a\000n\000\040\000t\000a\000b\000e\000l\000l\000e\000n}{}% 2
\BOOKMARK [0][-]{chapter.1}{\376\377\000I\000n\000l\000e\000i\000d\000i\000n\000g}{}% 3
\BOOKMARK [1][-]{section.1.1}{\376\377\000l\000a\000b\000o\000r\000a\000t\000o\000r\000i\000u\000m\000-\000a\000u\000t\000o\000m\000a\000t\000i\000s\000a\000t\000i\000e}{chapter.1}% 4
\BOOKMARK [1][-]{section.1.2}{\376\377\000B\000r\000e\000d\000e\000r\000\040\000k\000a\000d\000e\000r}{chapter.1}% 5
\BOOKMARK [2][-]{subsection.1.2.1}{\376\377\000R\000e\000p\000r\000o\000d\000u\000c\000e\000e\000r\000b\000a\000a\000r\000h\000e\000i\000d\000s\000c\000r\000i\000s\000i\000s}{section.1.2}% 6
\BOOKMARK [1][-]{section.1.3}{\376\377\000R\000o\000b\000o\000t\000i\000c\000\040\000l\000a\000b\000s\000\040\000a\000l\000s\000\040\000o\000p\000l\000o\000s\000s\000i\000n\000g\000\040\000v\000o\000o\000r\000\040\000r\000e\000p\000r\000o\000d\000u\000c\000e\000e\000r\000b\000a\000a\000r\000h\000e\000i\000d\000s\000c\000r\000i\000s\000i\000s}{chapter.1}% 7
\BOOKMARK [1][-]{section.1.4}{\376\377\000P\000r\000o\000b\000l\000e\000e\000m\000s\000t\000e\000l\000l\000i\000n\000g}{chapter.1}% 8
\BOOKMARK [0][-]{chapter.2}{\376\377\000A\000c\000h\000t\000e\000r\000g\000r\000o\000n\000d}{}% 9
\BOOKMARK [1][-]{section.2.1}{\376\377\000D\000i\000s\000p\000l\000a\000c\000e\000m\000e\000n\000t\000\040\000p\000i\000p\000e\000t\000t\000e\000n}{chapter.2}% 10
\BOOKMARK [2][-]{subsection.2.1.1}{\376\377\000A\000i\000r\000-\000D\000i\000s\000p\000l\000a\000c\000e\000m\000e\000n\000t}{section.2.1}% 11
\BOOKMARK [2][-]{subsection.2.1.2}{\376\377\000P\000o\000s\000i\000t\000i\000v\000e\000\040\000D\000i\000s\000p\000l\000a\000c\000e\000m\000e\000n\000t}{section.2.1}% 12
\BOOKMARK [1][-]{section.2.2}{\376\377\000P\000i\000p\000e\000t\000t\000e\000\040\000t\000y\000p\000e\000s}{chapter.2}% 13
\BOOKMARK [2][-]{subsection.2.2.1}{\376\377\000A\000n\000a\000l\000o\000g\000e\000\040\000p\000i\000p\000e\000t\000t\000e\000n}{section.2.2}% 14
\BOOKMARK [2][-]{subsection.2.2.2}{\376\377\000E\000l\000e\000k\000t\000r\000o\000n\000i\000s\000c\000h\000e\000\040\000p\000i\000p\000e\000t\000t\000e\000n}{section.2.2}% 15
\BOOKMARK [1][-]{section.2.3}{\376\377\000B\000e\000s\000t\000a\000a\000n\000d\000e\000\040\000l\000i\000q\000u\000i\000d\000\040\000h\000a\000n\000d\000l\000i\000n\000g\000\040\000r\000o\000b\000o\000t\000s}{chapter.2}% 16
\BOOKMARK [2][-]{subsection.2.3.1}{\376\377\000C\000o\000m\000m\000e\000r\000c\000i\000\353\000l\000e\000\040\000o\000p\000l\000o\000s\000s\000i\000n\000g\000e\000n\000\040\000\050\000c\000l\000o\000s\000e\000d\000\040\000s\000o\000u\000r\000c\000e\000\051}{section.2.3}% 17
\BOOKMARK [2][-]{subsection.2.3.2}{\376\377\000O\000p\000e\000n\000\040\000s\000o\000u\000r\000c\000e\000\040\000o\000p\000l\000o\000s\000s\000i\000n\000g\000e\000n}{section.2.3}% 18
\BOOKMARK [0][-]{chapter.3}{\376\377\000M\000e\000t\000h\000o\000d\000e}{}% 19
\BOOKMARK [1][-]{section.3.1}{\376\377\000C\000o\000n\000c\000e\000p\000t\000u\000e\000e\000l\000\040\000o\000n\000t\000w\000e\000r\000p}{chapter.3}% 20
\BOOKMARK [2][-]{subsection.3.1.1}{\376\377\000L\000i\000t\000e\000r\000a\000t\000u\000u\000r\000s\000t\000u\000d\000i\000e}{section.3.1}% 21
\BOOKMARK [1][-]{section.3.2}{\376\377\000H\000a\000r\000d\000w\000a\000r\000e\000\040\000o\000n\000t\000w\000e\000r\000p}{chapter.3}% 22
\BOOKMARK [2][-]{subsection.3.2.1}{\376\377\000M\000u\000u\000r\000e\000l\000e\000m\000e\000n\000t\000e\000n}{section.3.2}% 23
\BOOKMARK [2][-]{subsection.3.2.2}{\376\377\000B\000o\000d\000e\000m\000p\000l\000a\000a\000t\000\040\000e\000n\000\040\000g\000e\000l\000e\000i\000d\000e\000s\000t\000a\000v\000e\000n}{section.3.2}% 24
\BOOKMARK [2][-]{subsection.3.2.3}{\376\377\000T\000u\000s\000s\000e\000n\000p\000l\000a\000a\000t\000\040\000e\000n\000\040\000m\000o\000t\000o\000r\000p\000l\000a\000a\000t}{section.3.2}% 25
\BOOKMARK [2][-]{subsection.3.2.4}{\376\377\000L\000o\000o\000d\000s\000c\000h\000r\000o\000e\000f\000,\000\040\000m\000o\000t\000o\000r\000\040\000e\000n\000\040\000a\000s\000k\000o\000p\000p\000e\000l\000i\000n\000g}{section.3.2}% 26
\BOOKMARK [2][-]{subsection.3.2.5}{\376\377\000G\000e\000l\000e\000i\000d\000e\000s\000l\000e\000d\000e}{section.3.2}% 27
\BOOKMARK [2][-]{subsection.3.2.6}{\376\377\000Z\000u\000i\000g\000e\000r}{section.3.2}% 28
\BOOKMARK [1][-]{section.3.3}{\376\377\000E\000l\000e\000k\000t\000r\000o\000n\000i\000c\000a\000\040\000o\000n\000t\000w\000e\000r\000p}{chapter.3}% 29
\BOOKMARK [2][-]{subsection.3.3.1}{\376\377\000C\000o\000m\000p\000o\000n\000e\000n\000t\000e\000n\000l\000i\000j\000s\000t}{section.3.3}% 30
\BOOKMARK [2][-]{subsection.3.3.2}{\376\377\000D\000r\000i\000v\000e\000r}{section.3.3}% 31
\BOOKMARK [2][-]{subsection.3.3.3}{\376\377\000M\000i\000c\000r\000o\000c\000o\000n\000t\000r\000o\000l\000l\000e\000r}{section.3.3}% 32
\BOOKMARK [2][-]{subsection.3.3.4}{\376\377\000A\000a\000n\000s\000l\000u\000i\000t\000i\000n\000g}{section.3.3}% 33
\BOOKMARK [1][-]{section.3.4}{\376\377\000S\000o\000f\000t\000w\000a\000r\000e\000\040\000o\000n\000t\000w\000e\000r\000p}{chapter.3}% 34
\BOOKMARK [2][-]{subsection.3.4.1}{\376\377\000O\000p\000b\000o\000u\000w\000\040\000v\000a\000n\000\040\000d\000e\000\040\000s\000o\000f\000t\000w\000a\000r\000e}{section.3.4}% 35
\BOOKMARK [1][-]{section.3.5}{\376\377\000K\000a\000l\000i\000b\000r\000a\000t\000i\000e\000\040\000e\000n\000\040\000v\000a\000l\000i\000d\000a\000t\000i\000e}{chapter.3}% 36
\BOOKMARK [0][-]{chapter.4}{\376\377\000R\000e\000s\000u\000l\000t\000a\000t\000e\000n}{}% 37
\BOOKMARK [0][-]{chapter.5}{\376\377\000C\000o\000n\000c\000l\000u\000s\000i\000e\000s}{}% 38
\BOOKMARK [0][-]{chapter*.24}{\376\377\000B\000i\000b\000l\000i\000o\000g\000r\000a\000f\000i\000e}{}% 39
\BOOKMARK [0][-]{section*.25}{\376\377\000A\000p\000p\000e\000n\000d\000i\000c\000e\000s}{}% 40
\BOOKMARK [0][-]{appendix.1.A}{}{}% 41
